C:\USERS\YIBO\DOCUMENTS\GITHUB\CTP\C-CTP\SRC\QUANTBOX.C2CTP\DEBUG\QUANTBOX.C2CTP.PCH
C:\USERS\YIBO\DOCUMENTS\GITHUB\CTP\C-CTP\SRC\QUANTBOX.C2CTP\DEBUG\STDAFX.OBJ
C:\USERS\YIBO\DOCUMENTS\GITHUB\CTP\C-CTP\SRC\QUANTBOX.C2CTP\DEBUG\VC110.PDB
C:\USERS\YIBO\DOCUMENTS\GITHUB\CTP\C-CTP\SRC\QUANTBOX.C2CTP\DEBUG\CTPMSGQUEUE.OBJ
C:\USERS\YIBO\DOCUMENTS\GITHUB\CTP\C-CTP\SRC\QUANTBOX.C2CTP\DEBUG\TOOLKIT.OBJ
C:\USERS\YIBO\DOCUMENTS\GITHUB\CTP\C-CTP\SRC\QUANTBOX.C2CTP\DEBUG\MDUSERAPI.OBJ
C:\USERS\YIBO\DOCUMENTS\GITHUB\CTP\C-CTP\SRC\QUANTBOX.C2CTP\DEBUG\QUANTBOX.C2CTP.OBJ
C:\USERS\YIBO\DOCUMENTS\GITHUB\CTP\C-CTP\SRC\QUANTBOX.C2CTP\DEBUG\TRADERAPI.OBJ
C:\USERS\YIBO\DOCUMENTS\GITHUB\CTP\C-CTP\SRC\QUANTBOX.C2CTP\DEBUG\DLLMAIN.OBJ
C:\USERS\YIBO\DOCUMENTS\GITHUB\CTP\C-CTP\SRC\DEBUG\QUANTBOX.C2CTP.ILK
C:\USERS\YIBO\DOCUMENTS\GITHUB\CTP\C-CTP\SRC\DEBUG\QUANTBOX.C2CTP.DLL
C:\USERS\YIBO\DOCUMENTS\GITHUB\CTP\C-CTP\SRC\DEBUG\QUANTBOX.C2CTP.PDB
C:\Users\Yibo\Documents\GitHub\CTP\C-CTP\src\Debug\QuantBox.C2CTP.lib
C:\Users\Yibo\Documents\GitHub\CTP\C-CTP\src\Debug\QuantBox.C2CTP.exp
C:\USERS\YIBO\DOCUMENTS\GITHUB\CTP\C-CTP\SRC\QUANTBOX.C2CTP\DEBUG\QUANTBOX.C2CTP.RES
C:\Users\Yibo\Documents\GitHub\CTP\C-CTP\src\QuantBox.C2CTP\Debug\CTPMsgQueue.obj
C:\Users\Yibo\Documents\GitHub\CTP\C-CTP\src\QuantBox.C2CTP\Debug\dllmain.obj
C:\Users\Yibo\Documents\GitHub\CTP\C-CTP\src\QuantBox.C2CTP\Debug\MdUserApi.obj
C:\Users\Yibo\Documents\GitHub\CTP\C-CTP\src\QuantBox.C2CTP\Debug\QuantBox.C2CTP.obj
C:\Users\Yibo\Documents\GitHub\CTP\C-CTP\src\QuantBox.C2CTP\Debug\stdafx.obj
C:\Users\Yibo\Documents\GitHub\CTP\C-CTP\src\QuantBox.C2CTP\Debug\toolkit.obj
C:\Users\Yibo\Documents\GitHub\CTP\C-CTP\src\QuantBox.C2CTP\Debug\TraderApi.obj
C:\Users\Yibo\Documents\GitHub\CTP\C-CTP\src\QuantBox.C2CTP\Debug\cl.command.1.tlog
C:\Users\Yibo\Documents\GitHub\CTP\C-CTP\src\QuantBox.C2CTP\Debug\CL.read.1.tlog
C:\Users\Yibo\Documents\GitHub\CTP\C-CTP\src\QuantBox.C2CTP\Debug\CL.write.1.tlog
C:\Users\Yibo\Documents\GitHub\CTP\C-CTP\src\QuantBox.C2CTP\Debug\link-cvtres.read.1.tlog
C:\Users\Yibo\Documents\GitHub\CTP\C-CTP\src\QuantBox.C2CTP\Debug\link-cvtres.write.1.tlog
C:\Users\Yibo\Documents\GitHub\CTP\C-CTP\src\QuantBox.C2CTP\Debug\link-mt.read.1.tlog
C:\Users\Yibo\Documents\GitHub\CTP\C-CTP\src\QuantBox.C2CTP\Debug\link-mt.write.1.tlog
C:\Users\Yibo\Documents\GitHub\CTP\C-CTP\src\QuantBox.C2CTP\Debug\link-rc.read.1.tlog
C:\Users\Yibo\Documents\GitHub\CTP\C-CTP\src\QuantBox.C2CTP\Debug\link-rc.write.1.tlog
C:\Users\Yibo\Documents\GitHub\CTP\C-CTP\src\QuantBox.C2CTP\Debug\link.5328-cvtres.read.1.tlog
C:\Users\Yibo\Documents\GitHub\CTP\C-CTP\src\QuantBox.C2CTP\Debug\link.5328-cvtres.write.1.tlog
C:\Users\Yibo\Documents\GitHub\CTP\C-CTP\src\QuantBox.C2CTP\Debug\link.5328-mt.read.1.tlog
C:\Users\Yibo\Documents\GitHub\CTP\C-CTP\src\QuantBox.C2CTP\Debug\link.5328-mt.write.1.tlog
C:\Users\Yibo\Documents\GitHub\CTP\C-CTP\src\QuantBox.C2CTP\Debug\link.5328-rc.read.1.tlog
C:\Users\Yibo\Documents\GitHub\CTP\C-CTP\src\QuantBox.C2CTP\Debug\link.5328-rc.write.1.tlog
C:\Users\Yibo\Documents\GitHub\CTP\C-CTP\src\QuantBox.C2CTP\Debug\link.5328.read.1.tlog
C:\Users\Yibo\Documents\GitHub\CTP\C-CTP\src\QuantBox.C2CTP\Debug\link.5328.write.1.tlog
C:\Users\Yibo\Documents\GitHub\CTP\C-CTP\src\QuantBox.C2CTP\Debug\link.5388-cvtres.read.1.tlog
C:\Users\Yibo\Documents\GitHub\CTP\C-CTP\src\QuantBox.C2CTP\Debug\link.5388-cvtres.write.1.tlog
C:\Users\Yibo\Documents\GitHub\CTP\C-CTP\src\QuantBox.C2CTP\Debug\link.5388-mt.read.1.tlog
C:\Users\Yibo\Documents\GitHub\CTP\C-CTP\src\QuantBox.C2CTP\Debug\link.5388-mt.write.1.tlog
C:\Users\Yibo\Documents\GitHub\CTP\C-CTP\src\QuantBox.C2CTP\Debug\link.5388-rc.read.1.tlog
C:\Users\Yibo\Documents\GitHub\CTP\C-CTP\src\QuantBox.C2CTP\Debug\link.5388-rc.write.1.tlog
C:\Users\Yibo\Documents\GitHub\CTP\C-CTP\src\QuantBox.C2CTP\Debug\link.5388.read.1.tlog
C:\Users\Yibo\Documents\GitHub\CTP\C-CTP\src\QuantBox.C2CTP\Debug\link.5388.write.1.tlog
C:\Users\Yibo\Documents\GitHub\CTP\C-CTP\src\QuantBox.C2CTP\Debug\link.command.1.tlog
C:\Users\Yibo\Documents\GitHub\CTP\C-CTP\src\QuantBox.C2CTP\Debug\link.read.1.tlog
C:\Users\Yibo\Documents\GitHub\CTP\C-CTP\src\QuantBox.C2CTP\Debug\link.write.1.tlog
C:\Users\Yibo\Documents\GitHub\CTP\C-CTP\src\QuantBox.C2CTP\Debug\QuantBox.C2CTP.write.1.tlog
C:\Users\Yibo\Documents\GitHub\CTP\C-CTP\src\QuantBox.C2CTP\Debug\rc.command.1.tlog
C:\Users\Yibo\Documents\GitHub\CTP\C-CTP\src\QuantBox.C2CTP\Debug\rc.read.1.tlog
C:\Users\Yibo\Documents\GitHub\CTP\C-CTP\src\QuantBox.C2CTP\Debug\rc.write.1.tlog
C:\Users\Yibo\Documents\GitHub\CTP\C-CTP\src\QuantBox.C2CTP\Debug\QuantBox.C2CTP.res
C:\Users\Yibo\Documents\GitHub\CTP\C-CTP\src\QuantBox.C2CTP\Debug\QuantBox.C2CTP.pch
C:\Users\Yibo\Documents\GitHub\CTP\C-CTP\src\QuantBox.C2CTP\Debug\vc110.idb
C:\Users\Yibo\Documents\GitHub\CTP\C-CTP\src\QuantBox.C2CTP\Debug\vc110.pdb
C:\Users\Yibo\Documents\GitHub\CTP\C-CTP\src\Debug\QuantBox.C2CTP.pdb
C:\Users\Yibo\Documents\GitHub\CTP\C-CTP\src\Debug\QuantBox.C2CTP.dll
C:\Users\Yibo\Documents\GitHub\CTP\C-CTP\src\Debug\QuantBox.C2CTP.ilk
