Build started 2013/12/29 23:48:01.
     1>Project "C:\Users\Yibo\Documents\GitHub\CTP\C-CTP\src\QuantBox.C2CTP\QuantBox.C2CTP.vcxproj" on node 2 (Build target(s)).
     1>ClCompile:
         C:\Program Files (x86)\Microsoft Visual Studio 11.0\VC\bin\CL.exe /c /ZI /nologo /W3 /WX- /Od /Oy- /D WIN32 /D _DEBUG /D _WINDOWS /D _USRDLL /D QUANTBOXC2CTP_EXPORTS /D _CRT_SECURE_NO_WARNINGS /D _WINDLL /D _UNICODE /D UNICODE /Gm /EHsc /RTC1 /MTd /GS /fp:precise /Zc:wchar_t /Zc:forScope /Yu"stdafx.h" /Fp"Debug\QuantBox.C2CTP.pch" /Fo"Debug\\" /Fd"Debug\vc110.pdb" /Gd /TP /analyze- /errorReport:prompt TraderApi.cpp
         TraderApi.cpp
       Link:
         C:\Program Files (x86)\Microsoft Visual Studio 11.0\VC\bin\link.exe /ERRORREPORT:PROMPT /OUT:"C:\Users\Yibo\Documents\GitHub\CTP\C-CTP\src\Debug\QuantBox.C2CTP.dll" /INCREMENTAL /NOLOGO /MANIFEST /MANIFESTUAC:"level='asInvoker' uiAccess='false'" /manifest:embed /manifestinput:"C:\Program Files (x86)\Microsoft Visual Studio 11.0\VC\Include\Manifest\dpiaware.manifest" /DEBUG /PDB:"C:\Users\Yibo\Documents\GitHub\CTP\C-CTP\src\Debug\QuantBox.C2CTP.pdb" /SUBSYSTEM:WINDOWS /TLBID:1 /DYNAMICBASE /NXCOMPAT /IMPLIB:"C:\Users\Yibo\Documents\GitHub\CTP\C-CTP\src\Debug\QuantBox.C2CTP.lib" /MACHINE:X86 /DLL Debug\QuantBox.C2CTP.res
         Debug\CTPMsgQueue.obj
         Debug\dllmain.obj
         Debug\toolkit.obj
         Debug\MdUserApi.obj
         Debug\QuantBox.C2CTP.obj
         Debug\stdafx.obj
         Debug\TraderApi.obj
         include\CTP\thostmduserapi.lib
         include\CTP\thosttraderapi.lib
         QuantBox.C2CTP.vcxproj -> C:\Users\Yibo\Documents\GitHub\CTP\C-CTP\src\Debug\QuantBox.C2CTP.dll
     1>Done Building Project "C:\Users\Yibo\Documents\GitHub\CTP\C-CTP\src\QuantBox.C2CTP\QuantBox.C2CTP.vcxproj" (Build target(s)).

Build succeeded.

Time Elapsed 00:00:10.04
